<?xml version="1.0" encoding="UTF-8" ?>
<testsuite failures="0" time="0.078" errors="0" skipped="0" tests="6" name="no.sqizi.webapp.flex.services.ArticlesServiceImplTest">
  <properties>
    <property name="java.vendor" value="Sun Microsystems Inc."/>
    <property name="localRepository" value="c:\development\m2_repo3"/>
    <property name="sun.java.launcher" value="SUN_STANDARD"/>
    <property name="sun.management.compiler" value="HotSpot Client Compiler"/>
    <property name="env.PROMPT" value="$P$G"/>
    <property name="os.name" value="Windows XP"/>
    <property name="env.ASMROOT" value="C:\Tngsd\SD"/>
    <property name="env.FP_NO_HOST_CHECK" value="NO"/>
    <property name="sun.boot.class.path" value="C:\Program Files\Java\jdk1.6.0_07\jre\lib\resources.jar;C:\Program Files\Java\jdk1.6.0_07\jre\lib\rt.jar;C:\Program Files\Java\jdk1.6.0_07\jre\lib\sunrsasign.jar;C:\Program Files\Java\jdk1.6.0_07\jre\lib\jsse.jar;C:\Program Files\Java\jdk1.6.0_07\jre\lib\jce.jar;C:\Program Files\Java\jdk1.6.0_07\jre\lib\charsets.jar;C:\Program Files\Java\jdk1.6.0_07\jre\classes"/>
    <property name="env.COMPUTERNAME" value="S206005J4463578"/>
    <property name="env.ALLUSERSPROFILE" value="C:\Documents and Settings\All Users"/>
    <property name="sun.desktop" value="windows"/>
    <property name="java.vm.specification.vendor" value="Sun Microsystems Inc."/>
    <property name="java.runtime.version" value="1.6.0_07-b06"/>
    <property name="env.HOMEPATH" value="\Documents and Settings\sg0206005"/>
    <property name="user.name" value="SG0206005"/>
    <property name="env.QTJAVA" value="C:\Program Files\Java\jre1.6.0_07\lib\ext\QTJava.zip"/>
    <property name="user.language" value="en"/>
    <property name="sun.boot.library.path" value="C:\Program Files\Java\jdk1.6.0_07\jre\bin"/>
    <property name="classworlds.conf" value="C:\apache-maven-2.0.9\bin\m2.conf"/>
    <property name="java.version" value="1.6.0_07"/>
    <property name="env.PROCESSOR_IDENTIFIER" value="x86 Family 6 Model 15 Stepping 6, GenuineIntel"/>
    <property name="user.timezone" value="Europe/Belgrade"/>
    <property name="env.CLIENTNAME" value="Console"/>
    <property name="env.TEMP" value="C:\DOCUME~1\SG0206~1\LOCALS~1\Temp"/>
    <property name="sun.arch.data.model" value="32"/>
    <property name="java.endorsed.dirs" value="C:\Program Files\Java\jdk1.6.0_07\jre\lib\endorsed"/>
    <property name="env.JDK_HOME" value="C:\Program Files\Java\jdk1.6.0_07"/>
    <property name="sun.cpu.isalist" value="pentium_pro+mmx pentium_pro pentium+mmx pentium i486 i386 i86"/>
    <property name="env.HOMEDRIVE" value="C:"/>
    <property name="sun.jnu.encoding" value="Cp1250"/>
    <property name="file.encoding.pkg" value="sun.io"/>
    <property name="file.separator" value="\"/>
    <property name="java.specification.name" value="Java Platform API Specification"/>
    <property name="env.GROOVY_HOME" value="C:\Groovy\Groovy-1.6.0"/>
    <property name="java.class.version" value="50.0"/>
    <property name="user.country" value="US"/>
    <property name="env.GRADLE_HOME" value="c:\gradle-0.5.2"/>
    <property name="java.home" value="C:\Program Files\Java\jdk1.6.0_07\jre"/>
    <property name="env.APPDATA" value="C:\Documents and Settings\sg0206005\Application Data"/>
    <property name="java.vm.info" value="mixed mode, sharing"/>
    <property name="env.ComSpec" value="C:\WINDOWS\system32\cmd.exe"/>
    <property name="env.OS" value="Windows_NT"/>
    <property name="env.CommonProgramFiles" value="C:\Program Files\Common Files"/>
    <property name="os.version" value="5.1"/>
    <property name="path.separator" value=";"/>
    <property name="java.vm.version" value="10.0-b23"/>
    <property name="env.USERPROFILE" value="C:\Documents and Settings\sg0206005"/>
    <property name="user.variant" value=""/>
    <property name="env.JAVA_HOME" value="C:\Program Files\Java\jdk1.6.0_07"/>
    <property name="java.awt.printerjob" value="sun.awt.windows.WPrinterJob"/>
    <property name="env.TMP" value="C:\DOCUME~1\SG0206~1\LOCALS~1\Temp"/>
    <property name="sun.io.unicode.encoding" value="UnicodeLittle"/>
    <property name="awt.toolkit" value="sun.awt.windows.WToolkit"/>
    <property name="user.home" value="C:\Documents and Settings\sg0206005"/>
    <property name="env.SESSIONNAME" value="Console"/>
    <property name="java.specification.vendor" value="Sun Microsystems Inc."/>
    <property name="env.CLASSPATH" value=".;C:\Program Files\Java\jre1.6.0_07\lib\ext\QTJava.zip"/>
    <property name="env.M2_HOME" value="c:\apache-maven-2.0.9"/>
    <property name="env.NUMBER_OF_PROCESSORS" value="2"/>
    <property name="java.library.path" value="C:\Program Files\Java\jdk1.6.0_07\bin;.;C:\WINDOWS\Sun\Java\bin;C:\WINDOWS\system32;C:\WINDOWS;C:\Program Files\CA\Dcs\DMScripting\;C:\Program Files\CA\DCS\CAWIN\;C:\WINDOWS\system32;C:\WINDOWS;C:\WINDOWS\System32\Wbem;c:\Program Files\Hewlett-Packard\IAM\bin;C:\Tngsd\BIN;C:\Program Files\MySQL\MySQL Server 5.0\bin;C:\apache-ant-1.7.1\bin;c:\apache-maven-2.0.9\bin;c:\console2;C:\Program Files\cvsnt;C:\Program Files\jEdit;C:\Program Files\QuickTime\QTSystem\;C:\Program Files\JRockit Real Time\jrrt-3.0.0-1.6.0\jre\bin\javaw.exe;C:\Groovy\Groovy-1.6.0\bin;c:\gradle-0.5.2\bin;C:\Program Files\TortoiseSVN\bin;C:\git-install\cmd;;c:\program files\jetbrains\intellij idea 10558\jre\jre\bin"/>
    <property name="java.vendor.url" value="http://java.sun.com/"/>
    <property name="env.LSHOST" value="10.19.84.47"/>
    <property name="env.USERDNSDOMAIN" value="Global.ad.sabre.com"/>
    <property name="env.HUDSON_HOME" value="c:\hudson"/>
    <property name="java.vm.vendor" value="Sun Microsystems Inc."/>
    <property name="env.M2_REPO" value="c:\development\m2_repo3"/>
    <property name="maven.home" value="C:\apache-maven-2.0.9"/>
    <property name="java.runtime.name" value="Java(TM) SE Runtime Environment"/>
    <property name="java.class.path" value="C:\apache-maven-2.0.9\boot\classworlds-1.1.jar"/>
    <property name="env.AGENT_HOME" value="c:\am_jboss_agent "/>
    <property name="java.vm.specification.name" value="Java Virtual Machine Specification"/>
    <property name="env.windir" value="C:\WINDOWS"/>
    <property name="env.LOGONSERVER" value="\\SGLONDC02"/>
    <property name="java.vm.specification.version" value="1.0"/>
    <property name="env.PROCESSOR_ARCHITECTURE" value="x86"/>
    <property name="sun.os.patch.level" value="Service Pack 2"/>
    <property name="sun.cpu.endian" value="little"/>
    <property name="env.ProgramFiles" value="C:\Program Files"/>
    <property name="env.ANT_HOME" value="c:\apache-ant-1.7.1 "/>
    <property name="surefire.test.class.path" value="C:\sqizi\webapp\target\test-classes;C:\sqizi\webapp\target\classes;c:\development\m2_repo3\org\springframework\spring-core\2.5.6\spring-core-2.5.6.jar;c:\development\m2_repo3\commons-logging\commons-logging\1.1.1\commons-logging-1.1.1.jar;c:\development\m2_repo3\postgresql\postgresql\8.3-603.jdbc4\postgresql-8.3-603.jdbc4.jar;c:\development\m2_repo3\org\mockito\mockito-all\1.6\mockito-all-1.6.jar;c:\development\m2_repo3\org\apache\ibatis\ibatis-sqlmap\2.3.4.726\ibatis-sqlmap-2.3.4.726.jar;c:\development\m2_repo3\org\springframework\spring-jdbc\2.5.6\spring-jdbc-2.5.6.jar;c:\development\m2_repo3\org\springframework\spring-beans\2.5.6\spring-beans-2.5.6.jar;c:\development\m2_repo3\org\springframework\spring-context\2.5.6\spring-context-2.5.6.jar;c:\development\m2_repo3\aopalliance\aopalliance\1.0\aopalliance-1.0.jar;c:\development\m2_repo3\org\springframework\spring-tx\2.5.6\spring-tx-2.5.6.jar;c:\development\m2_repo3\org\springframework\spring-web\2.5.6\spring-web-2.5.6.jar;c:\development\m2_repo3\org\springframework\spring-orm\2.5.6\spring-orm-2.5.6.jar;c:\development\m2_repo3\org\springframework\spring-aop\2.5.6\spring-aop-2.5.6.jar;c:\development\m2_repo3\org\springframework\spring-webmvc\2.5.6\spring-webmvc-2.5.6.jar;c:\development\m2_repo3\org\springframework\spring-context-support\2.5.6\spring-context-support-2.5.6.jar;c:\development\m2_repo3\org\springframework\security\spring-security-core\2.0.4\spring-security-core-2.0.4.jar;c:\development\m2_repo3\commons-codec\commons-codec\1.3\commons-codec-1.3.jar;c:\development\m2_repo3\commons-collections\commons-collections\3.2\commons-collections-3.2.jar;c:\development\m2_repo3\org\springframework\flex\spring-flex\1.0.0.RELEASE\spring-flex-1.0.0.RELEASE.jar;c:\development\m2_repo3\backport-util-concurrent\backport-util-concurrent\2.2\backport-util-concurrent-2.2.jar;c:\development\m2_repo3\commons-httpclient\commons-httpclient\3.1\commons-httpclient-3.1.jar;c:\development\m2_repo3\org\codehaus\jackson\jackson-core-asl\1.0.0\jackson-core-asl-1.0.0.jar;c:\development\m2_repo3\cglib\cglib-nodep\2.1_3\cglib-nodep-2.1_3.jar;c:\development\m2_repo3\com\adobe\blazeds\blazeds-core\3.2.0.3978\blazeds-core-3.2.0.3978.jar;c:\development\m2_repo3\com\adobe\blazeds\blazeds-common\3.2.0.3978\blazeds-common-3.2.0.3978.jar;c:\development\m2_repo3\com\adobe\blazeds\blazeds-proxy\3.2.0.3978\blazeds-proxy-3.2.0.3978.jar;c:\development\m2_repo3\com\adobe\blazeds\blazeds-remoting\3.2.0.3978\blazeds-remoting-3.2.0.3978.jar;c:\development\m2_repo3\javax\servlet\servlet-api\2.5\servlet-api-2.5.jar;c:\development\m2_repo3\taglibs\standard\1.1.2\standard-1.1.2.jar;c:\development\m2_repo3\junit\junit\4.5\junit-4.5.jar;c:\development\m2_repo3\log4j\log4j\1.2.15\log4j-1.2.15.jar;c:\development\m2_repo3\javax\mail\mail\1.4\mail-1.4.jar;c:\development\m2_repo3\javax\activation\activation\1.1\activation-1.1.jar;c:\development\m2_repo3\javax\jms\jms\1.1\jms-1.1.jar;c:\development\m2_repo3\com\sun\jdmk\jmxtools\1.2.1\jmxtools-1.2.1.jar;c:\development\m2_repo3\com\sun\jmx\jmxri\1.2.1\jmxri-1.2.1.jar;c:\development\m2_repo3\commons-lang\commons-lang\2.4\commons-lang-2.4.jar;c:\development\m2_repo3\commons-fileupload\commons-fileupload\1.2.1\commons-fileupload-1.2.1.jar;c:\development\m2_repo3\commons-io\commons-io\1.4\commons-io-1.4.jar;c:\development\m2_repo3\commons-dbcp\commons-dbcp\1.2.2\commons-dbcp-1.2.2.jar;c:\development\m2_repo3\commons-pool\commons-pool\1.3\commons-pool-1.3.jar;c:\development\m2_repo3\xalan\xalan\2.7.1\xalan-2.7.1.jar;c:\development\m2_repo3\xalan\serializer\2.7.1\serializer-2.7.1.jar;c:\development\m2_repo3\xml-apis\xml-apis\1.3.04\xml-apis-1.3.04.jar;c:\development\m2_repo3\com\adobe\blazeds\blazeds-opt\3.2.0.3978\blazeds-opt-3.2.0.3978.jar;"/>
    <property name="java.io.tmpdir" value="C:\DOCUME~1\SG0206~1\LOCALS~1\Temp\"/>
    <property name="env.PROCESSOR_REVISION" value="0f06"/>
    <property name="env.VBOX_INSTALL_PATH" value="C:\Program Files\Sun\xVM VirtualBox\"/>
    <property name="java.vendor.url.bug" value="http://java.sun.com/cgi-bin/bugreport.cgi"/>
    <property name="env.MAVEN_OPTS" value="-Xmx512m"/>
    <property name="env.SystemRoot" value="C:\WINDOWS"/>
    <property name="env.IDEA_JDK" value="c:\Program Files\JRockit Real Time\jrrt-3.0.0-1.6.0&quot;"/>
    <property name="java.awt.graphicsenv" value="sun.awt.Win32GraphicsEnvironment"/>
    <property name="os.arch" value="x86"/>
    <property name="java.ext.dirs" value="C:\Program Files\Java\jdk1.6.0_07\jre\lib\ext;C:\WINDOWS\Sun\Java\lib\ext"/>
    <property name="env.JBOSS_DEPLOY" value="c:\rhdevstudio\jboss-eap\jboss-as\server\default\deploy"/>
    <property name="user.dir" value="C:\sqizi\webapp"/>
    <property name="line.separator" value="
"/>
    <property name="java.vm.name" value="Java HotSpot(TM) Client VM"/>
    <property name="env.PATHEXT" value=".COM;.EXE;.BAT;.CMD;.VBS;.VBE;.JS;.JSE;.WSF;.WSH;.groovy;.gy"/>
    <property name="env.Path" value="C:\Program Files\CA\Dcs\DMScripting\;C:\Program Files\CA\DCS\CAWIN\;C:\WINDOWS\system32;C:\WINDOWS;C:\WINDOWS\System32\Wbem;c:\Program Files\Hewlett-Packard\IAM\bin;C:\Tngsd\BIN;C:\Program Files\MySQL\MySQL Server 5.0\bin;C:\apache-ant-1.7.1\bin;c:\apache-maven-2.0.9\bin;c:\console2;C:\Program Files\cvsnt;C:\Program Files\jEdit;C:\Program Files\QuickTime\QTSystem\;C:\Program Files\JRockit Real Time\jrrt-3.0.0-1.6.0\jre\bin\javaw.exe;C:\Groovy\Groovy-1.6.0\bin;c:\gradle-0.5.2\bin;C:\Program Files\TortoiseSVN\bin;C:\git-install\cmd;;c:\program files\jetbrains\intellij idea 10558\jre\jre\bin"/>
    <property name="basedir" value="C:\sqizi\webapp"/>
    <property name="env.M2" value="c:\apache-maven-2.0.9\bin"/>
    <property name="env.USERNAME" value="SG0206005"/>
    <property name="env.SystemDrive" value="C:"/>
    <property name="file.encoding" value="windows-1252"/>
    <property name="env.USERDOMAIN" value="GLOBAL"/>
    <property name="java.specification.version" value="1.6"/>
    <property name="env.SonicCentral" value="C:\Program Files\Common Files\Sonic Shared\Sonic Central\"/>
    <property name="env.PROCESSOR_LEVEL" value="6"/>
  </properties>
  <testcase time="0" classname="no.sqizi.webapp.flex.services.ArticlesServiceImplTest" name="testGetArticle"/>
  <testcase time="0.015" classname="no.sqizi.webapp.flex.services.ArticlesServiceImplTest" name="testAddArticle"/>
  <testcase time="0" classname="no.sqizi.webapp.flex.services.ArticlesServiceImplTest" name="testUpdateArticle"/>
  <testcase time="0" classname="no.sqizi.webapp.flex.services.ArticlesServiceImplTest" name="testAddCategory"/>
  <testcase time="0.016" classname="no.sqizi.webapp.flex.services.ArticlesServiceImplTest" name="testGetArticleImages"/>
  <testcase time="0" classname="no.sqizi.webapp.flex.services.ArticlesServiceImplTest" name="testGetRecentArticlesForCompany"/>
</testsuite>